<?xml version="1.0" encoding="UTF-8"?>
<!-- Generated by org.testng.reporters.JUnitReportReporter -->
<testsuite skipped="0" hostname="User" name="com.test.LivingPageTest" tests="13" failures="0" timestamp="10 Aug 2020 00:37:41 GMT" time="4.829" errors="0">
  <testcase name="livingMenuDisplay" time="0.650" classname="com.test.LivingPageTest"/>
  <testcase name="get_Sofa_set_SubmenuText" time="0.203" classname="com.test.LivingPageTest"/>
  <testcase name="get_Sofa_set_SubMenuList" time="0.974" classname="com.test.LivingPageTest"/>
  <testcase name="get_Sofa_cum_Bed_SubmenuText" time="0.158" classname="com.test.LivingPageTest"/>
  <testcase name="get_Sofa_cum_Bed_SubMenuList" time="0.428" classname="com.test.LivingPageTest"/>
  <testcase name="get_Chair_SubMenuText" time="0.115" classname="com.test.LivingPageTest"/>
  <testcase name="get_Chair_SubMenuList" time="0.556" classname="com.test.LivingPageTest"/>
  <testcase name="get_Tables_SubMenuText" time="0.115" classname="com.test.LivingPageTest"/>
  <testcase name="get_Tables_SubMenuList" time="0.399" classname="com.test.LivingPageTest"/>
  <testcase name="get_Storage_SubMenuText" time="0.099" classname="com.test.LivingPageTest"/>
  <testcase name="get_Storage_SubMenuList" time="0.708" classname="com.test.LivingPageTest"/>
  <testcase name="get_Balcony_And_Outdoor_SubMenuText" time="0.115" classname="com.test.LivingPageTest"/>
  <testcase name="get_Balcony_And_Outdoor_SubMenu_List_SubMenuList" time="0.309" classname="com.test.LivingPageTest"/>
</testsuite> <!-- com.test.LivingPageTest -->
