<?xml version="1.0" encoding="UTF-8"?>
<!-- Generated by org.testng.reporters.JUnitReportReporter -->
<testsuite skipped="0" hostname="User" name="com.test.LivingPageTest" tests="13" failures="0" timestamp="09 Aug 2020 08:21:00 GMT" time="5.971" errors="0">
  <testcase name="livingMenuDisplay" time="1.625" classname="com.test.LivingPageTest"/>
  <testcase name="get_Sofa_set_SubmenuText" time="0.198" classname="com.test.LivingPageTest"/>
  <testcase name="get_Sofa_set_SubMenuList" time="1.061" classname="com.test.LivingPageTest"/>
  <testcase name="get_Sofa_cum_Bed_SubmenuText" time="0.243" classname="com.test.LivingPageTest"/>
  <testcase name="get_Sofa_cum_Bed_SubMenuList" time="0.473" classname="com.test.LivingPageTest"/>
  <testcase name="get_Chair_SubMenuText" time="0.141" classname="com.test.LivingPageTest"/>
  <testcase name="get_Chair_SubMenuList" time="0.537" classname="com.test.LivingPageTest"/>
  <testcase name="get_Tables_SubMenuText" time="0.143" classname="com.test.LivingPageTest"/>
  <testcase name="get_Tables_SubMenuList" time="0.375" classname="com.test.LivingPageTest"/>
  <testcase name="get_Storage_SubMenuText" time="0.103" classname="com.test.LivingPageTest"/>
  <testcase name="get_Storage_SubMenuList" time="0.653" classname="com.test.LivingPageTest"/>
  <testcase name="get_Balcony_And_Outdoor_SubMenuText" time="0.123" classname="com.test.LivingPageTest"/>
  <testcase name="get_Balcony_And_Outdoor_SubMenu_List_SubMenuList" time="0.296" classname="com.test.LivingPageTest"/>
</testsuite> <!-- com.test.LivingPageTest -->
